 *  Executing task: C:\Users\Antoine\.platformio\penv\Scripts\platformio.exe run 

Processing nanoesp32_c6 (platform:
https://github.com/pioarduino/platform-espressif32/releases/download/55.03.37/platform-espressif32.zip; board: nanoesp32_c6; framework: arduino)
-------------------------------------------------------------------------------------------------------------------------------------------------------------------------------------------------------------Verbose mode can be enabled via `-v, --verbose` option
CONFIGURATION: https://docs.platformio.org/page/boards/espressif32/nanoesp32_c6.html
PLATFORM: Espressif 32 (55.3.37) > Espressif nanoESP32-C6
HARDWARE: ESP32C6 160MHz, 320KB RAM, 8MB Flash
DEBUG: Current (cmsis-dap) External (cmsis-dap, esp-bridge, esp-builtin, esp-prog, iot-bus-jtag, jlink, minimodule, olimex-arm-usb-ocd, olimex-arm-usb-ocd-h, olimex-arm-usb-tiny-h, olimex-jtag-tiny, tumpa)PACKAGES:
 - contrib-piohome @ 3.4.4
 - framework-arduinoespressif32 @ 3.3.7
 - framework-arduinoespressif32-libs @ 5.5.0+sha.87912cd291
 - tool-esp-rom-elfs @ 2024.10.11
 - tool-esptoolpy @ 5.1.2
 - tool-openocd-esp32 @ 2.1200.20251215 (12.0)
 - tool-riscv32-esp-elf-gdb @ 16.3.0+20250913
 - toolchain-riscv32-esp @ 14.2.0+20251107
Converting daikin-zigbee-bridge.ino
*** Applied include path shortening for 312 framework paths ***
*** Path length reduced from 37554 to ~13001 characters ***
*** Estimated savings: 24024 characters ***
LDF: Library Dependency Finder -> https://bit.ly/configure-pio-ldf
LDF Modes: Finder ~ chain, Compatibility ~ soft
Found 46 compatible libraries
Scanning dependencies...
Dependency Graph
|-- Adafruit NeoPixel @ 1.15.4
|-- SoftTimers @ 2.1.0
|-- Button2 @ 2.5.0
|-- Zigbee @ 3.3.7
|-- HTTPClient @ 3.3.7
|-- WiFi @ 3.3.7
Building in release mode
Compiling .pio\build\nanoesp32_c6\libe39\Adafruit NeoPixel\Adafruit_NeoPixel.cpp.o
Compiling .pio\build\nanoesp32_c6\libe39\Adafruit NeoPixel\Adafruit_Neopixel_RP2.cpp.o
Compiling .pio\build\nanoesp32_c6\libe39\Adafruit NeoPixel\esp.c.o
Compiling .pio\build\nanoesp32_c6\libe39\Adafruit NeoPixel\esp8266.c.o
Compiling .pio\build\nanoesp32_c6\libe39\Adafruit NeoPixel\kendyte_k210.c.o
Compiling .pio\build\nanoesp32_c6\libe39\Adafruit NeoPixel\psoc6.c.o
Compiling .pio\build\nanoesp32_c6\lib771\SoftTimers\SoftTimers.cpp.o
Compiling .pio\build\nanoesp32_c6\lib51c\Button2\Button2.cpp.o
Compiling .pio\build\nanoesp32_c6\liba0f\Zigbee\ZigbeeCore.cpp.o
Compiling .pio\build\nanoesp32_c6\liba0f\Zigbee\ZigbeeEP.cpp.o
Compiling .pio\build\nanoesp32_c6\liba0f\Zigbee\ZigbeeHandlers.cpp.o
Compiling .pio\build\nanoesp32_c6\liba0f\Zigbee\ep\ZigbeeAnalog.cpp.o
Compiling .pio\build\nanoesp32_c6\liba0f\Zigbee\ep\ZigbeeBinary.cpp.o
Compiling .pio\build\nanoesp32_c6\liba0f\Zigbee\ep\ZigbeeCarbonDioxideSensor.cpp.o
Compiling .pio\build\nanoesp32_c6\liba0f\Zigbee\ep\ZigbeeColorDimmableLight.cpp.o
Compiling .pio\build\nanoesp32_c6\liba0f\Zigbee\ep\ZigbeeColorDimmerSwitch.cpp.o
Compiling .pio\build\nanoesp32_c6\liba0f\Zigbee\ep\ZigbeeContactSwitch.cpp.o
Compiling .pio\build\nanoesp32_c6\liba0f\Zigbee\ep\ZigbeeDimmableLight.cpp.o
Compiling .pio\build\nanoesp32_c6\liba0f\Zigbee\ep\ZigbeeDoorWindowHandle.cpp.o
Compiling .pio\build\nanoesp32_c6\liba0f\Zigbee\ep\ZigbeeElectricalMeasurement.cpp.o
Compiling .pio\build\nanoesp32_c6\liba0f\Zigbee\ep\ZigbeeFanControl.cpp.o
Compiling .pio\build\nanoesp32_c6\liba0f\Zigbee\ep\ZigbeeFlowSensor.cpp.o
Compiling .pio\build\nanoesp32_c6\liba0f\Zigbee\ep\ZigbeeGateway.cpp.o
Compiling .pio\build\nanoesp32_c6\liba0f\Zigbee\ep\ZigbeeIlluminanceSensor.cpp.o
Compiling .pio\build\nanoesp32_c6\liba0f\Zigbee\ep\ZigbeeLight.cpp.o
Compiling .pio\build\nanoesp32_c6\liba0f\Zigbee\ep\ZigbeeMultistate.cpp.o
Compiling .pio\build\nanoesp32_c6\liba0f\Zigbee\ep\ZigbeeOccupancySensor.cpp.o
Compiling .pio\build\nanoesp32_c6\liba0f\Zigbee\ep\ZigbeePM25Sensor.cpp.o
Compiling .pio\build\nanoesp32_c6\liba0f\Zigbee\ep\ZigbeePowerOutlet.cpp.o
Compiling .pio\build\nanoesp32_c6\liba0f\Zigbee\ep\ZigbeePressureSensor.cpp.o
Compiling .pio\build\nanoesp32_c6\liba0f\Zigbee\ep\ZigbeeRangeExtender.cpp.o
Compiling .pio\build\nanoesp32_c6\liba0f\Zigbee\ep\ZigbeeSwitch.cpp.o
Compiling .pio\build\nanoesp32_c6\liba0f\Zigbee\ep\ZigbeeTempSensor.cpp.o
Compiling .pio\build\nanoesp32_c6\liba0f\Zigbee\ep\ZigbeeThermostat.cpp.o
Compiling .pio\build\nanoesp32_c6\liba0f\Zigbee\ep\ZigbeeVibrationSensor.cpp.o
Compiling .pio\build\nanoesp32_c6\liba0f\Zigbee\ep\ZigbeeWindSpeedSensor.cpp.o
Compiling .pio\build\nanoesp32_c6\liba0f\Zigbee\ep\ZigbeeWindowCovering.cpp.o
Compiling .pio\build\nanoesp32_c6\lib5cc\Network\NetworkClient.cpp.o
Compiling .pio\build\nanoesp32_c6\lib5cc\Network\NetworkEvents.cpp.o
Compiling .pio\build\nanoesp32_c6\lib5cc\Network\NetworkInterface.cpp.o
Compiling .pio\build\nanoesp32_c6\lib5cc\Network\NetworkManager.cpp.o
Compiling .pio\build\nanoesp32_c6\lib5cc\Network\NetworkServer.cpp.o
Compiling .pio\build\nanoesp32_c6\lib5cc\Network\NetworkUdp.cpp.o
Compiling .pio\build\nanoesp32_c6\lib21c\NetworkClientSecure\NetworkClientSecure.cpp.o
Compiling .pio\build\nanoesp32_c6\lib21c\NetworkClientSecure\ssl_client.cpp.o
Compiling .pio\build\nanoesp32_c6\lib233\HTTPClient\HTTPClient.cpp.o
Compiling .pio\build\nanoesp32_c6\libe8f\WiFi\AP.cpp.o
Compiling .pio\build\nanoesp32_c6\libe8f\WiFi\STA.cpp.o
Compiling .pio\build\nanoesp32_c6\libe8f\WiFi\WiFi.cpp.o
Compiling .pio\build\nanoesp32_c6\libe8f\WiFi\WiFiAP.cpp.o
Compiling .pio\build\nanoesp32_c6\libe8f\WiFi\WiFiGeneric.cpp.o
Compiling .pio\build\nanoesp32_c6\libe8f\WiFi\WiFiMulti.cpp.o
Compiling .pio\build\nanoesp32_c6\libe8f\WiFi\WiFiSTA.cpp.o
Compiling .pio\build\nanoesp32_c6\libe8f\WiFi\WiFiScan.cpp.o
Compiling .pio\build\nanoesp32_c6\src\ZigbeeStelproH420Thermostat.cpp.o
Compiling .pio\build\nanoesp32_c6\src\daikin-zigbee-bridge.ino.cpp.o
Building .pio\build\nanoesp32_c6\bootloader.bin
esptool v5.1.2
Creating ESP32C6 image...
Merged 2 ELF sections.
Successfully created ESP32C6 image.
Generating partitions .pio\build\nanoesp32_c6\partitions.bin
Compiling .pio\build\nanoesp32_c6\FrameworkArduino\ColorFormat.c.o
Compiling .pio\build\nanoesp32_c6\FrameworkArduino\Esp.cpp.o
Compiling .pio\build\nanoesp32_c6\FrameworkArduino\FirmwareMSC.cpp.o
Compiling .pio\build\nanoesp32_c6\FrameworkArduino\FunctionalInterrupt.cpp.o
Compiling .pio\build\nanoesp32_c6\FrameworkArduino\HEXBuilder.cpp.o
Compiling .pio\build\nanoesp32_c6\FrameworkArduino\HWCDC.cpp.o
Compiling .pio\build\nanoesp32_c6\FrameworkArduino\HardwareSerial.cpp.o
Compiling .pio\build\nanoesp32_c6\FrameworkArduino\HashBuilder.cpp.o
Compiling .pio\build\nanoesp32_c6\FrameworkArduino\IPAddress.cpp.o
Compiling .pio\build\nanoesp32_c6\FrameworkArduino\MD5Builder.cpp.o
Compiling .pio\build\nanoesp32_c6\FrameworkArduino\MacAddress.cpp.o
Compiling .pio\build\nanoesp32_c6\FrameworkArduino\Print.cpp.o
Compiling .pio\build\nanoesp32_c6\FrameworkArduino\Stream.cpp.o
Compiling .pio\build\nanoesp32_c6\FrameworkArduino\StreamString.cpp.o
Compiling .pio\build\nanoesp32_c6\FrameworkArduino\Tone.cpp.o
Compiling .pio\build\nanoesp32_c6\FrameworkArduino\USB.cpp.o
Compiling .pio\build\nanoesp32_c6\FrameworkArduino\USBCDC.cpp.o
Compiling .pio\build\nanoesp32_c6\FrameworkArduino\USBMSC.cpp.o
Compiling .pio\build\nanoesp32_c6\FrameworkArduino\WMath.cpp.o
Compiling .pio\build\nanoesp32_c6\FrameworkArduino\WString.cpp.o
Compiling .pio\build\nanoesp32_c6\FrameworkArduino\base64.cpp.o
Compiling .pio\build\nanoesp32_c6\FrameworkArduino\cbuf.cpp.o
Compiling .pio\build\nanoesp32_c6\FrameworkArduino\chip-debug-report.cpp.o
Compiling .pio\build\nanoesp32_c6\FrameworkArduino\esp32-hal-adc.c.o
Compiling .pio\build\nanoesp32_c6\FrameworkArduino\esp32-hal-bt.c.o
Compiling .pio\build\nanoesp32_c6\FrameworkArduino\esp32-hal-cpu.c.o
Compiling .pio\build\nanoesp32_c6\FrameworkArduino\esp32-hal-dac.c.o
Compiling .pio\build\nanoesp32_c6\FrameworkArduino\esp32-hal-gpio.c.o
Compiling .pio\build\nanoesp32_c6\FrameworkArduino\esp32-hal-hosted.c.o
Compiling .pio\build\nanoesp32_c6\FrameworkArduino\esp32-hal-i2c-ng.c.o
Compiling .pio\build\nanoesp32_c6\FrameworkArduino\esp32-hal-i2c-slave.c.o
Compiling .pio\build\nanoesp32_c6\FrameworkArduino\esp32-hal-i2c.c.o
Compiling .pio\build\nanoesp32_c6\FrameworkArduino\esp32-hal-ledc.c.o
Compiling .pio\build\nanoesp32_c6\FrameworkArduino\esp32-hal-log-wrapper.c.o
Compiling .pio\build\nanoesp32_c6\FrameworkArduino\esp32-hal-matrix.c.o
Compiling .pio\build\nanoesp32_c6\FrameworkArduino\esp32-hal-misc.c.o
Compiling .pio\build\nanoesp32_c6\FrameworkArduino\esp32-hal-periman.c.o
Compiling .pio\build\nanoesp32_c6\FrameworkArduino\esp32-hal-psram.c.o
Compiling .pio\build\nanoesp32_c6\FrameworkArduino\esp32-hal-rgb-led.c.o
Compiling .pio\build\nanoesp32_c6\FrameworkArduino\esp32-hal-rmt.c.o
Compiling .pio\build\nanoesp32_c6\FrameworkArduino\esp32-hal-sigmadelta.c.o
Compiling .pio\build\nanoesp32_c6\FrameworkArduino\esp32-hal-spi.c.o
Compiling .pio\build\nanoesp32_c6\FrameworkArduino\esp32-hal-time.c.o
Compiling .pio\build\nanoesp32_c6\FrameworkArduino\esp32-hal-timer.c.o
Compiling .pio\build\nanoesp32_c6\FrameworkArduino\esp32-hal-tinyusb.c.o
Compiling .pio\build\nanoesp32_c6\FrameworkArduino\esp32-hal-touch-ng.c.o
Compiling .pio\build\nanoesp32_c6\FrameworkArduino\esp32-hal-touch.c.o
Compiling .pio\build\nanoesp32_c6\FrameworkArduino\esp32-hal-uart.c.o
Compiling .pio\build\nanoesp32_c6\FrameworkArduino\firmware_msc_fat.c.o
Compiling .pio\build\nanoesp32_c6\FrameworkArduino\freertos_stats.cpp.o
Compiling .pio\build\nanoesp32_c6\FrameworkArduino\idf_openthread_mpool_wrapper.c.o
Compiling .pio\build\nanoesp32_c6\FrameworkArduino\libb64\cdecode.c.o
Compiling .pio\build\nanoesp32_c6\FrameworkArduino\libb64\cencode.c.o
Compiling .pio\build\nanoesp32_c6\FrameworkArduino\main.cpp.o
Compiling .pio\build\nanoesp32_c6\FrameworkArduino\stdlib_noniso.c.o
Compiling .pio\build\nanoesp32_c6\FrameworkArduino\wiring_pulse.c.o
Compiling .pio\build\nanoesp32_c6\FrameworkArduino\wiring_shift.c.o
Archiving .pio\build\nanoesp32_c6\libFrameworkArduino.a
Linking .pio\build\nanoesp32_c6\firmware.elf
Firmware metrics can not be shown. Set the terminal codepage to "utf-8" or "cp65001" on Windows.
Retrieving maximum program size .pio\build\nanoesp32_c6\firmware.elf
Checking size .pio\build\nanoesp32_c6\firmware.elf
Advanced Memory Usage is available via "PlatformIO Home > Project Inspect"
RAM:   [==        ]  17.6% (used 57728 bytes from 327680 bytes)
Error: The program size (1328454 bytes) is greater than maximum allowed (1310720 bytes)
Flash: [=====*** [checkprogsize] Explicit exit, status 1
=====]  101.4% (used 1328454 bytes from 1310720 bytes)
======================================================================================== [FAILED] Took 31.57 seconds ========================================================================================
 *  The terminal process "C:\Users\Antoine\.platformio\penv\Scripts\platformio.exe 'run'" terminated with exit code: 1. 
 *  Terminal will be reused by tasks, press any key to close it. 
