[3/14/2026, 4:45:45 PM] z2m: Interviewing '0xbc33acfffe123456'
[3/14/2026, 4:45:45 PM] z2m:mqtt: MQTT publish: topic 'zigbee2mqtt/bridge/event', payload:
```
{
    "data": {
        "friendly_name": "0xbc33acfffe123456",
        "ieee_address": "0xbc33acfffe123456",
        "status": "started"
    },
    "type": "device_interview"
}
```
[3/14/2026, 4:45:46 PM] z2m: Successfully interviewed '0xbc33acfffe123456'
[3/14/2026, 4:45:46 PM] z2m:mqtt: MQTT publish: topic 'zigbee2mqtt/bridge/response/device/interview', payload:
```
{
    "data": {
        "id": "0xbc33acfffe123456"
    },
    "status": "ok",
    "transaction": "djrri-1"
}
```
[3/14/2026, 4:45:46 PM] z2m:mqtt: MQTT publish: topic 'zigbee2mqtt/bridge/event', payload:
```
{
    "data": {
        "definition": {
            "description": "Hilo thermostat",
            "exposes": [
                {
                    "access": 7,
                    "description": "Enables/disables physical input on the device",
                    "label": "Keypad lockout",
                    "name": "keypad_lockout",
                    "property": "keypad_lockout",
                    "type": "enum",
                    "values": [
                        "unlock",
                        "lock1",
                        "lock2"
                    ]
                },
                {
                    "access": 1,
                    "description": "Instantaneous measured power",
                    "label": "Power",
                    "name": "power",
                    "property": "power",
                    "type": "numeric",
                    "unit": "W"
                },
                {
                    "access": 1,
                    "description": "Sum of consumed energy",
                    "label": "Energy",
                    "name": "energy",
                    "property": "energy",
                    "type": "numeric",
                    "unit": "kWh"
                },
                {
                    "features": [
                        {
                            "access": 7,
                            "description": "Temperature setpoint",
                            "label": "Occupied heating setpoint",
                            "name": "occupied_heating_setpoint",
                            "property": "occupied_heating_setpoint",
                            "type": "numeric",
                            "unit": "°C",
                            "value_max": 30,
                            "value_min": 5,
                            "value_step": 0.5
                        },
                        {
                            "access": 5,
                            "description": "Current temperature measured on the device",
                            "label": "Local temperature",
                            "name": "local_temperature",
                            "property": "local_temperature",
                            "type": "numeric",
                            "unit": "°C"
                        },
                        {
                            "access": 7,
                            "description": "Mode of this device",
                            "label": "System mode",
                            "name": "system_mode",
                            "property": "system_mode",
                            "type": "enum",
                            "values": [
                                "heat"
                            ]
                        },
                        {
                            "access": 5,
                            "description": "The current running state",
                            "label": "Running state",
                            "name": "running_state",
                            "property": "running_state",
                            "type": "enum",
                            "values": [
                                "idle",
                                "heat"
                            ]
                        }
                    ],
                    "type": "climate"
                },
                {
                    "access": 2,
                    "description": "Set peak demand event icon for the specified number of hours",
                    "label": "Peak demand icon",
                    "name": "peak_demand_icon",
                    "property": "peak_demand_icon",
                    "type": "numeric",
                    "unit": "hours",
                    "value_max": 18,
                    "value_min": 0
                },
                {
                    "access": 2,
                    "description": "Outdoor temperature displayed on the thermostat",
                    "label": "Outdoor temperature display",
                    "name": "outdoor_temperature_display",
                    "property": "outdoor_temperature_display",
                    "type": "numeric",
                    "unit": "°C",
                    "value_max": 199,
                    "value_min": -32
                },
                {
                    "access": 1,
                    "category": "diagnostic",
                    "description": "Link quality (signal strength)",
                    "label": "Linkquality",
                    "name": "linkquality",
                    "property": "linkquality",
                    "type": "numeric",
                    "unit": "lqi",
                    "value_max": 255,
                    "value_min": 0
                }
            ],
            "model": "HT402",
            "options": [
                {
                    "access": 2,
                    "description": "Calibrates the power value (percentual offset), takes into effect on next report of device.",
                    "label": "Power calibration",
                    "name": "power_calibration",
                    "property": "power_calibration",
                    "type": "numeric",
                    "value_step": 0.1
                },
                {
                    "access": 2,
                    "description": "Number of digits after decimal point for power, takes into effect on next report of device. This option can only decrease the precision, not increase it.",
                    "label": "Power precision",
                    "name": "power_precision",
                    "property": "power_precision",
                    "type": "numeric",
                    "value_max": 3,
                    "value_min": 0
                },
                {
                    "access": 2,
                    "description": "Calibrates the energy value (percentual offset), takes into effect on next report of device.",
                    "label": "Energy calibration",
                    "name": "energy_calibration",
                    "property": "energy_calibration",
                    "type": "numeric",
                    "value_step": 0.1
                },
                {
                    "access": 2,
                    "description": "Number of digits after decimal point for energy, takes into effect on next report of device. This option can only decrease the precision, not increase it.",
                    "label": "Energy precision",
                    "name": "energy_precision",
                    "property": "energy_precision",
                    "type": "numeric",
                    "value_max": 3,
                    "value_min": 0
                },
                {
                    "access": 2,
                    "description": "Controls the temperature unit of the thermostat (default celsius).",
                    "label": "Thermostat unit",
                    "name": "thermostat_unit",
                    "property": "thermostat_unit",
                    "type": "enum",
                    "values": [
                        "celsius",
                        "fahrenheit"
                    ]
                }
            ],
            "source": "native",
            "supports_ota": false,
            "vendor": "Stelpro"
        },
        "friendly_name": "0xbc33acfffe123456",
        "ieee_address": "0xbc33acfffe123456",
        "status": "successful",
        "supported": true
    },
    "type": "device_interview"
}
```
[3/14/2026, 4:46:47 PM] z2m:mqtt: MQTT publish: topic 'zigbee2mqtt/bridge/health', payload:
```
{
    "response_time": 1773521207640,
    "os": {
        "load_average": [
            0.03,
            0.33,
            0.43
        ],
        "memory_used_mb": 1384.01,
        "memory_percent": 8.6595
    },
    "process": {
        "uptime_sec": 6607,
        "memory_used_mb": 150,
        "memory_percent": 0.9385
    },
    "mqtt": {
        "connected": true,
        "queued": 0,
        "published": 10293,
        "received": 330
    },
    "devices": {
        "0x404ccafffe563248": {
            "messages": 6215,
            "messages_per_sec": 0.9416,
            "leave_count": 0,
            "network_address_changes": 0
        },
        "0xa4c1383e3f07dec8": {
            "messages": 1263,
            "messages_per_sec": 0.1916,
            "leave_count": 0,
            "network_address_changes": 0
        },
        "0x003c84fffea6d648": {
            "messages": 114,
            "messages_per_sec": 0.0173,
            "leave_count": 0,
            "network_address_changes": 0
        },
        "0xa4c13805e054bb83": {
            "messages": 163,
            "messages_per_sec": 0.0251,
            "leave_count": 0,
            "network_address_changes": 0
        },
        "0xbc33acfffe123456": {
            "messages": 35,
            "messages_per_sec": 0.0054,
            "leave_count": 0,
            "network_address_changes": 0
        },
        "0xa4c13887221c2983": {
            "messages": 1,
            "messages_per_sec": 0.0002,
            "leave_count": 0,
            "network_address_changes": 0
        },
        "0xa4c13806bde2810c": {
            "messages": 18,
            "messages_per_sec": 0.0029,
            "leave_count": 0,
            "network_address_changes": 0
        },
        "0xa4c138d7da322ae7": {
            "messages": 8,
            "messages_per_sec": 0.0013,
            "leave_count": 0,
            "network_address_changes": 0
        },
        "0x588e81fffe30bbb4": {
            "messages": 5,
            "messages_per_sec": 0.0008,
            "leave_count": 0,
            "network_address_changes": 0
        },
        "0xa4c1387fc834a2d8": {
            "messages": 3,
            "messages_per_sec": 0.0005,
            "leave_count": 0,
            "network_address_changes": 0
        },
        "0xa4c13898964ba13a": {
            "messages": 8,
            "messages_per_sec": 0.0014,
            "leave_count": 0,
            "network_address_changes": 0
        },
        "0x002446fffd09506f": {
            "messages": 20,
            "messages_per_sec": 0.0037,
            "leave_count": 0,
            "network_address_changes": 0
        },
        "0xa4c1387bfdd5a11a": {
            "messages": 30,
            "messages_per_sec": 0.0061,
            "leave_count": 0,
            "network_address_changes": 0
        },
        "0x0022a300002528fe": {
            "messages": 40,
            "messages_per_sec": 0.0086,
            "leave_count": 0,
            "network_address_changes": 0
        },
        "0xa4c13829a1c32fbc": {
            "messages": 22,
            "messages_per_sec": 0.0057,
            "leave_count": 0,
            "network_address_changes": 0
        },
        "0x588e81fffe338d61": {
            "messages": 3,
            "messages_per_sec": 0.0019,
            "leave_count": 0,
            "network_address_changes": 0
        },
        "0xa4c13876bbec1fdd": {
            "messages": 3,
            "messages_per_sec": 0.002,
            "leave_count": 0,
            "network_address_changes": 0
        },
        "0xa4c138fe255521fa": {
            "messages": 3,
            "messages_per_sec": 0.0023,
            "leave_count": 0,
            "network_address_changes": 0
        },
        "0x588e81fffe35bca3": {
            "messages": 2,
            "messages_per_sec": 0.0022,
            "leave_count": 0,
            "network_address_changes": 0
        },
        "0xa4c1389a06798c06": {
            "messages": 1,
            "messages_per_sec": 0.0021,
            "leave_count": 0,
            "network_address_changes": 0
        }
    }
}
```
